<?xml version="1.0" encoding="UTF-8"?>
<!-- Generated by org.testng.reporters.JUnitReportReporter -->
<testsuite hostname="sureshsir-PC" name="com.orangehrm.tests.AdminLoginTest" tests="1" failures="0" timestamp="11 Oct 2017 04:03:55 GMT" time="12.162" errors="0">
  <testcase name="adminLoginTest" time="12.162" classname="com.orangehrm.tests.AdminLoginTest"/>
</testsuite> <!-- com.orangehrm.tests.AdminLoginTest -->
