<?xml version="1.0" encoding="UTF-8"?>
<!-- Generated by org.testng.reporters.JUnitReportReporter -->
<testsuite hostname="sureshsir-PC" name="com.orangehrm.tests.NewUserRegTest" tests="1" failures="0" timestamp="10 Oct 2017 07:25:00 GMT" time="9.703" errors="0">
  <testcase name="userRegTest" time="9.703" classname="com.orangehrm.tests.NewUserRegTest"/>
</testsuite> <!-- com.orangehrm.tests.NewUserRegTest -->
