<?xml version="1.0" encoding="UTF-8"?>
<!-- Generated by org.testng.reporters.JUnitReportReporter -->
<testsuite hostname="sureshsir-PC" name="com.orangehrm.tests.NewEmployeeRegTest" tests="1" failures="0" timestamp="10 Oct 2017 07:25:00 GMT" time="11.864" errors="0">
  <testcase name="empregTest" time="11.864" classname="com.orangehrm.tests.NewEmployeeRegTest"/>
</testsuite> <!-- com.orangehrm.tests.NewEmployeeRegTest -->
