<?xml version="1.0" encoding="UTF-8"?>
<!-- Generated by org.testng.reporters.JUnitReportReporter -->
<testsuite hostname="sureshsir-PC" name="com.orangehrm.tests.EmployeeLoginTest" tests="1" failures="0" timestamp="10 Oct 2017 07:25:00 GMT" time="2.964" errors="0">
  <testcase name="empLoginTest" time="2.964" classname="com.orangehrm.tests.EmployeeLoginTest"/>
</testsuite> <!-- com.orangehrm.tests.EmployeeLoginTest -->
